*** Starting uWSGI 2.0.19.1 (64bit) on [Mon Sep  6 16:50:39 2021] ***
compiled with version: 7.5.0 on 06 September 2021 02:28:20
os: Linux-4.15.0-147-generic #151-Ubuntu SMP Fri Jun 18 19:21:19 UTC 2021
nodename: iZwz94bhcr7ar9lcjcz7wqZ
machine: x86_64
clock source: unix
detected number of CPU cores: 1
current working directory: /root/maneu
writing pidfile to /root/maneu/uwsgi.pid
detected binary path: /usr/local/bin/uwsgi
!!! no internal routing support, rebuild with pcre support !!!
chdir() to /root/maneu
your processes number limit is 3754
your memory page size is 4096 bytes
detected max file descriptor number: 65535
lock engine: pthread robust mutexes
thunder lock: enabled
probably another instance of uWSGI is running on the same address (0.0.0.0:8000).
bind(): Address already in use [core/socket.c line 769]
*** Starting uWSGI 2.0.19.1 (64bit) on [Mon Sep  6 16:53:19 2021] ***
compiled with version: 7.5.0 on 06 September 2021 02:28:20
os: Linux-4.15.0-147-generic #151-Ubuntu SMP Fri Jun 18 19:21:19 UTC 2021
nodename: iZwz94bhcr7ar9lcjcz7wqZ
machine: x86_64
clock source: unix
detected number of CPU cores: 1
current working directory: /root/maneu
writing pidfile to /root/maneu/uwsgi.pid
detected binary path: /usr/local/bin/uwsgi
!!! no internal routing support, rebuild with pcre support !!!
chdir() to /root/maneu
your processes number limit is 3754
your memory page size is 4096 bytes
detected max file descriptor number: 65535
lock engine: pthread robust mutexes
thunder lock: enabled
uWSGI http bound on 0.0.0.0:8000 fd 3
uwsgi socket 0 bound to UNIX address /root/maneu/uwsgi.sock fd 6
setgid() to 33
setuid() to 33
Python version: 3.6.9 (default, Jan 26 2021, 15:33:00)  [GCC 8.4.0]
Python main interpreter initialized at 0x55c749f80cd0
python threads support enabled
your server socket listen backlog is limited to 100 connections
your mercy for graceful operations on workers is 60 seconds
mapped 486672 bytes (475 KB) for 5 cores
*** Operational MODE: preforking ***
--用户登录校验中间件启动--
WSGI app 0 (mountpoint='') ready in 0 seconds on interpreter 0x55c749f80cd0 pid: 22932 (default app)
*** uWSGI is running in multiple interpreter mode ***
spawned uWSGI master process (pid: 22932)
spawned uWSGI worker 1 (pid: 22934, cores: 1)
spawned uWSGI worker 2 (pid: 22935, cores: 1)
spawned uWSGI worker 3 (pid: 22936, cores: 1)
spawned uWSGI worker 4 (pid: 22937, cores: 1)
spawned uWSGI worker 5 (pid: 22938, cores: 1)
spawned uWSGI http 1 (pid: 22939)
